<?xml version="1.0" encoding="UTF-8"?>
<!-- Generated by org.testng.reporters.JUnitXMLReporter -->
<testsuite hostname="DESKTOP-ANLVD96" ignored="3" name="Default test" tests="3" failures="0" timestamp="31 Dec 2018 15:46:56 GMT" time="80.749" errors="0">
  <testcase name="validateCreteNewContact" time="4.461" classname="com.crm.qa.testcases.ContactsPageTest"/>
  <testcase name="validateCreteNewContact" time="3.8" classname="com.crm.qa.testcases.ContactsPageTest"/>
  <testcase name="validateCreteNewContact" time="17.73" classname="com.crm.qa.testcases.ContactsPageTest"/>
  <testcase name="selectContactsByName" time="0.0" classname="com.crm.qa.testcases.ContactsPageTest">
    <ignored/>
  </testcase> <!-- selectContactsByName -->
  <testcase name="selectMultipleContactsList" time="0.0" classname="com.crm.qa.testcases.ContactsPageTest">
    <ignored/>
  </testcase> <!-- selectMultipleContactsList -->
  <testcase name="verifyContactsPageLabel" time="0.0" classname="com.crm.qa.testcases.ContactsPageTest">
    <ignored/>
  </testcase> <!-- verifyContactsPageLabel -->
</testsuite> <!-- Default test -->
