<?xml version="1.0" encoding="UTF-8"?>
<!-- Generated by org.testng.reporters.JUnitXMLReporter -->
<testsuite hostname="DESKTOP-ANLVD96" ignored="0" name="Default test" tests="5" failures="0" timestamp="15 Oct 2019 18:00:07 GMT" time="142.839" errors="0">
  <testcase name="verifySearchPageUrlTest" time="15.623" classname="com.crm.qa.testcases.CarPageTest"/>
  <testcase name="verifyResultCountPerPageTest" time="10.993" classname="com.crm.qa.testcases.CarPageTest"/>
  <testcase name="applyFilterTest" time="25.855" classname="com.crm.qa.testcases.CarPageTest"/>
  <testcase name="verifyTitleAndVariantTest" time="29.838" classname="com.crm.qa.testcases.CarPageTest"/>
  <testcase name="vehicalDistanceTest" time="17.189" classname="com.crm.qa.testcases.CarPageTest"/>
</testsuite> <!-- Default test -->
