<?xml version="1.0" encoding="UTF-8"?>
<!-- Generated by org.testng.reporters.JUnitXMLReporter -->
<testsuite hostname="DESKTOP-ANLVD96" ignored="0" name="Command line test" tests="9" failures="0" timestamp="31 Dec 2018 23:55:32 GMT" time="169.186" errors="0">
  <testcase name="selectContactsByName" time="0.108" classname="com.crm.qa.testcases.ContactsPageTest"/>
  <testcase name="selectMultipleContactsList" time="0.249" classname="com.crm.qa.testcases.ContactsPageTest"/>
  <testcase name="validateCreteNewContact" time="6.085" classname="com.crm.qa.testcases.ContactsPageTest"/>
  <testcase name="validateCreteNewContact" time="4.086" classname="com.crm.qa.testcases.ContactsPageTest"/>
  <testcase name="validateCreteNewContact" time="4.114" classname="com.crm.qa.testcases.ContactsPageTest"/>
  <testcase name="verifyContactsPageLabel" time="0.042" classname="com.crm.qa.testcases.ContactsPageTest"/>
  <testcase name="verifyHomePageTitleTest" time="0.013" classname="com.crm.qa.testcases.HomePageTest"/>
  <testcase name="verifyUserNameTest" time="0.176" classname="com.crm.qa.testcases.HomePageTest"/>
  <testcase name="clickOnContactListTest" time="2.402" classname="com.crm.qa.testcases.HomePageTest"/>
</testsuite> <!-- Command line test -->
