<?xml version="1.0" encoding="UTF-8" ?>
<testsuite tests="9" failures="0" name="TestSuite" time="17.283" errors="0" skipped="0">
  <properties>
[...]
</properties>
  <testcase classname="com.crm.qa.testcases.ContactsPageTest" name="selectContactsByName" time="0.114"/>
  <testcase classname="com.crm.qa.testcases.ContactsPageTest" name="selectMultipleContactsList" time="0.248"/>
  <testcase classname="com.crm.qa.testcases.ContactsPageTest" name="validateCreteNewContact" time="6.086"/>
  <testcase classname="com.crm.qa.testcases.ContactsPageTest" name="validateCreteNewContact" time="4.087"/>
  <testcase classname="com.crm.qa.testcases.ContactsPageTest" name="validateCreteNewContact" time="4.114"/>
  <testcase classname="com.crm.qa.testcases.ContactsPageTest" name="verifyContactsPageLabel" time="0.043"/>
  <testcase classname="com.crm.qa.testcases.HomePageTest" name="verifyHomePageTitleTest" time="0.012"/>
  <testcase classname="com.crm.qa.testcases.HomePageTest" name="verifyUserNameTest" time="0.177"/>
  <testcase classname="com.crm.qa.testcases.HomePageTest" name="clickOnContactListTest" time="2.402"/>
</testsuite>