<?xml version="1.0" encoding="UTF-8"?>
<testng-results skipped="0" failed="0" ignored="0" total="5" passed="5">
  <reporter-output>
    <line>
      <![CDATA[verify url search/car/]]>
    </line>
    <line>
      <![CDATA[https://www.motors.co.uk/search/car/]]>
    </line>
    <line>
      <![CDATA[output results page count]]>
    </line>
    <line>
      <![CDATA[34,830 RESULTS]]>
    </line>
    <line>
      <![CDATA[Apply a model filter of Galaxy and output results page count]]>
    </line>
    <line>
      <![CDATA[421 RESULTS]]>
    </line>
    <line>
      <![CDATA[Vehical Title :]]>
    </line>
    <line>
      <![CDATA[FORD, GALAXY]]>
    </line>
    <line>
      <![CDATA[Vehical Variant :]]>
    </line>
    <line>
      <![CDATA[2017 (67) 2.0 TDCi Titanium (s/s) 5dr]]>
    </line>
    <line>
      <![CDATA[Verify output vehicle distance from postcode OX144RY]]>
    </line>
    <line>
      <![CDATA[3 miles away]]>
    </line>
  </reporter-output>
  <suite name="Default suite" duration-ms="142839" started-at="2019-10-15T17:57:44Z" finished-at="2019-10-15T18:00:06Z">
    <groups>
    </groups>
    <test name="Default test" duration-ms="142839" started-at="2019-10-15T17:57:44Z" finished-at="2019-10-15T18:00:06Z">
      <class name="com.crm.qa.testcases.CarPageTest">
        <test-method status="PASS" signature="setUp()[pri:0, instance:com.crm.qa.testcases.CarPageTest@73ad2d6]" name="setUp" is-config="true" duration-ms="8437" started-at="2019-10-15T17:57:44Z" finished-at="2019-10-15T17:57:52Z">
          <reporter-output>
          </reporter-output>
        </test-method> <!-- setUp -->
        <test-method status="PASS" signature="verifySearchPageUrlTest()[pri:1, instance:com.crm.qa.testcases.CarPageTest@73ad2d6]" name="verifySearchPageUrlTest" duration-ms="15623" started-at="2019-10-15T17:57:52Z" finished-at="2019-10-15T17:58:08Z">
          <reporter-output>
            <line>
              <![CDATA[verify url search/car/]]>
            </line>
            <line>
              <![CDATA[https://www.motors.co.uk/search/car/]]>
            </line>
          </reporter-output>
        </test-method> <!-- verifySearchPageUrlTest -->
        <test-method status="PASS" signature="tearDown()[pri:0, instance:com.crm.qa.testcases.CarPageTest@73ad2d6]" name="tearDown" is-config="true" duration-ms="1067" started-at="2019-10-15T17:58:08Z" finished-at="2019-10-15T17:58:09Z">
          <reporter-output>
          </reporter-output>
        </test-method> <!-- tearDown -->
        <test-method status="PASS" signature="setUp()[pri:0, instance:com.crm.qa.testcases.CarPageTest@73ad2d6]" name="setUp" is-config="true" duration-ms="7934" started-at="2019-10-15T17:58:09Z" finished-at="2019-10-15T17:58:17Z">
          <reporter-output>
          </reporter-output>
        </test-method> <!-- setUp -->
        <test-method status="PASS" signature="verifyResultCountPerPageTest()[pri:2, instance:com.crm.qa.testcases.CarPageTest@73ad2d6]" name="verifyResultCountPerPageTest" duration-ms="10993" started-at="2019-10-15T17:58:17Z" finished-at="2019-10-15T17:58:28Z">
          <reporter-output>
            <line>
              <![CDATA[output results page count]]>
            </line>
            <line>
              <![CDATA[34,830 RESULTS]]>
            </line>
          </reporter-output>
        </test-method> <!-- verifyResultCountPerPageTest -->
        <test-method status="PASS" signature="tearDown()[pri:0, instance:com.crm.qa.testcases.CarPageTest@73ad2d6]" name="tearDown" is-config="true" duration-ms="897" started-at="2019-10-15T17:58:28Z" finished-at="2019-10-15T17:58:29Z">
          <reporter-output>
          </reporter-output>
        </test-method> <!-- tearDown -->
        <test-method status="PASS" signature="setUp()[pri:0, instance:com.crm.qa.testcases.CarPageTest@73ad2d6]" name="setUp" is-config="true" duration-ms="7702" started-at="2019-10-15T17:58:29Z" finished-at="2019-10-15T17:58:36Z">
          <reporter-output>
          </reporter-output>
        </test-method> <!-- setUp -->
        <test-method status="PASS" signature="applyFilterTest()[pri:4, instance:com.crm.qa.testcases.CarPageTest@73ad2d6]" name="applyFilterTest" duration-ms="25855" started-at="2019-10-15T17:58:36Z" finished-at="2019-10-15T17:59:02Z">
          <reporter-output>
            <line>
              <![CDATA[Apply a model filter of Galaxy and output results page count]]>
            </line>
            <line>
              <![CDATA[421 RESULTS]]>
            </line>
          </reporter-output>
        </test-method> <!-- applyFilterTest -->
        <test-method status="PASS" signature="tearDown()[pri:0, instance:com.crm.qa.testcases.CarPageTest@73ad2d6]" name="tearDown" is-config="true" duration-ms="948" started-at="2019-10-15T17:59:02Z" finished-at="2019-10-15T17:59:03Z">
          <reporter-output>
          </reporter-output>
        </test-method> <!-- tearDown -->
        <test-method status="PASS" signature="setUp()[pri:0, instance:com.crm.qa.testcases.CarPageTest@73ad2d6]" name="setUp" is-config="true" duration-ms="7238" started-at="2019-10-15T17:59:03Z" finished-at="2019-10-15T17:59:10Z">
          <reporter-output>
          </reporter-output>
        </test-method> <!-- setUp -->
        <test-method status="PASS" signature="verifyTitleAndVariantTest()[pri:6, instance:com.crm.qa.testcases.CarPageTest@73ad2d6]" name="verifyTitleAndVariantTest" duration-ms="29838" started-at="2019-10-15T17:59:10Z" finished-at="2019-10-15T17:59:40Z">
          <reporter-output>
            <line>
              <![CDATA[Vehical Title :]]>
            </line>
            <line>
              <![CDATA[FORD, GALAXY]]>
            </line>
            <line>
              <![CDATA[Vehical Variant :]]>
            </line>
            <line>
              <![CDATA[2017 (67) 2.0 TDCi Titanium (s/s) 5dr]]>
            </line>
          </reporter-output>
        </test-method> <!-- verifyTitleAndVariantTest -->
        <test-method status="PASS" signature="tearDown()[pri:0, instance:com.crm.qa.testcases.CarPageTest@73ad2d6]" name="tearDown" is-config="true" duration-ms="965" started-at="2019-10-15T17:59:40Z" finished-at="2019-10-15T17:59:41Z">
          <reporter-output>
          </reporter-output>
        </test-method> <!-- tearDown -->
        <test-method status="PASS" signature="setUp()[pri:0, instance:com.crm.qa.testcases.CarPageTest@73ad2d6]" name="setUp" is-config="true" duration-ms="7000" started-at="2019-10-15T17:59:41Z" finished-at="2019-10-15T17:59:48Z">
          <reporter-output>
          </reporter-output>
        </test-method> <!-- setUp -->
        <test-method status="PASS" signature="vehicalDistanceTest()[pri:7, instance:com.crm.qa.testcases.CarPageTest@73ad2d6]" name="vehicalDistanceTest" duration-ms="17189" started-at="2019-10-15T17:59:48Z" finished-at="2019-10-15T18:00:05Z">
          <reporter-output>
            <line>
              <![CDATA[Verify output vehicle distance from postcode OX144RY]]>
            </line>
            <line>
              <![CDATA[3 miles away]]>
            </line>
          </reporter-output>
        </test-method> <!-- vehicalDistanceTest -->
        <test-method status="PASS" signature="tearDown()[pri:0, instance:com.crm.qa.testcases.CarPageTest@73ad2d6]" name="tearDown" is-config="true" duration-ms="1096" started-at="2019-10-15T18:00:05Z" finished-at="2019-10-15T18:00:06Z">
          <reporter-output>
          </reporter-output>
        </test-method> <!-- tearDown -->
      </class> <!-- com.crm.qa.testcases.CarPageTest -->
    </test> <!-- Default test -->
  </suite> <!-- Default suite -->
</testng-results>
